#
# A fatal error has been detected by the Java Runtime Environment:
#
#  SIGSEGV (0xb) at pc=0x00007f3cd91ffe6d, pid=322, tid=0x00007f3cba2b9700
#
# JRE version: OpenJDK Runtime Environment (8.0_202) (build 1.8.0_202-release-1483-b39-5396753)
# Java VM: OpenJDK 64-Bit Server VM (25.202-b39-5396753 mixed mode linux-amd64 compressed oops)
# Problematic frame:
# V  [libjvm.so+0x80ae6d]  Method::invocation_count()+0x1d
#
# Failed to write core dump. Core dumps have been disabled. To enable core dumping, try "ulimit -c unlimited" before starting Java again
#
# If you would like to submit a bug report, please visit:
#   http://bugreport.java.com/bugreport/crash.jsp
#

---------------  T H R E A D  ---------------

Current thread (0x00007f3cd40bd800):  JavaThread "C2 CompilerThread1" daemon [_thread_in_vm, id=335, stack(0x00007f3cba1ba000,0x00007f3cba2ba000)]

siginfo: si_signo: 11 (SIGSEGV), si_code: 128 (SI_KERNEL), si_addr: 0x0000000000000000

Registers:
RAX=0x00007f3cd9624768, RBX=0x00007f3c40847cc0, RCX=0x0000000000000000, RDX=0x04c80040bca8bda6
RSP=0x00007f3cba2b8c20, RBP=0x00007f3cba2b8c20, RSI=0x0000000000000388, RDI=0x00007f3c40847cc0
R8 =0x00007f3c40663370, R9 =0x0000000000000000, R10=0x00007f3cba2b8c10, R11=0x00007f3cba2b8c10
R12=0x00007f3cd40ca180, R13=0x00007f3cb406aa30, R14=0x000000000000e5ff, R15=0x0000016aa660c939
RIP=0x00007f3cd91ffe6d, EFLAGS=0x0000000000010206, CSGSFS=0x002b000000000033, ERR=0x0000000000000000
  TRAPNO=0x000000000000000d

Top of Stack: (sp=0x00007f3cba2b8c20)
0x00007f3cba2b8c20:   00007f3cba2b8cd0 00007f3cd8cd1b68
0x00007f3cba2b8c30:   3328206873616865 7365747962203531
0x00007f3cba2b8c40:   00007f3cba2b8c80 00007f3cba2b8c90
0x00007f3cba2b8c50:   00007f3cd4057210 00007f3cd40b6ac0
0x00007f3cba2b8c60:   4765ff00d40be600 000000003f800000
0x00007f3cba2b8c70:   00007f3c40629f70 00007f3c641288e0
0x00007f3cba2b8c80:   00007f3cba2b8cb0 00007f3cd8e54acd
0x00007f3cba2b8c90:   00007f3cba2b8cd0 41a40e4000000000
0x00007f3cba2b8ca0:   00007f3cd40b6ac0 00007f3cd40b6ac0
0x00007f3cba2b8cb0:   00007f3c64c3ea80 00007f3cd4008b00
0x00007f3cba2b8cc0:   00007f3cba2b8db0 00007f3cd401e5c0
0x00007f3cba2b8cd0:   00007f3cba2b8d00 00007f3cd8e7a0cc
0x00007f3cba2b8ce0:   00007f3cd40bd800 00000000008446e0
0x00007f3cba2b8cf0:   00007f3cd40bd800 000000000a0ef000
0x00007f3cba2b8d00:   00007f3cba2b8e20 00007f3cd8e7f98e
0x00007f3cba2b8d10:   0000000000000000 00000000000003d8
0x00007f3cba2b8d20:   00007f3cd401e488 00007f3cd401e0b0
0x00007f3cba2b8d30:   00007f3cd401e060 00007f3cd401e0a0
0x00007f3cba2b8d40:   00007f3cd401dfe0 00007f3cba2b8d6f
0x00007f3cba2b8d50:   00007f3cba2b8d70 00007f3cd40b6ac0
0x00007f3cba2b8d60:   0000000000000007 00007f3cba2b8e20
0x00007f3cba2b8d70:   00007f3cc7631910 00007f3cd97c42ed
0x00007f3cba2b8d80:   00007f3c40663370 00007f3cd40bd800
0x00007f3cba2b8d90:   0000000000000000 00007f3cd40bc790
0x00007f3cba2b8da0:   0000000000000000 00007f3cd401dfe0
0x00007f3cba2b8db0:   00007f3cd40bd800 00007f3cd401e490
0x00007f3cba2b8dc0:   00007f3cd401e4d0 00007f3cd401e4e0
0x00007f3cba2b8dd0:   00007f3cd401e5b8 00000000000000d8
0x00007f3cba2b8de0:   00007f3cba2b8e40 0000000000000012
0x00007f3cba2b8df0:   00000000e004eda0 00007f3cba2b8e40
0x00007f3cba2b8e00:   00007f3cd401e0a0 00007f3cd401e0b0
0x00007f3cba2b8e10:   00007f3cd401e488 00007f3cd40bd800 

Instructions: (pc=0x00007f3cd91ffe6d)
0x00007f3cd91ffe4d:   1f 40 00 48 8b 05 f9 bc 41 00 55 48 8b 57 18 48
0x00007f3cd91ffe5d:   89 e5 80 38 00 74 4c 48 85 d2 48 8b 4f 10 74 0b
0x00007f3cd91ffe6d:   f6 42 08 04 b8 00 00 00 10 75 2e 48 85 c9 74 0e
0x00007f3cd91ffe7d:   f6 81 dc 00 00 00 04 b8 00 00 00 10 75 1b 48 85 

Register to memory mapping:

RAX=0x00007f3cd9624768: <offset 0xc2f768> in /home/anonymous/Apps/android/android-studio/jre/jre/lib/amd64/server/libjvm.so at 0x00007f3cd89f5000
RBX=0x00007f3c40847cc0 is pointing into metadata
RCX=0x0000000000000000 is an unknown value
RDX=0x04c80040bca8bda6 is an unknown value
RSP=0x00007f3cba2b8c20 is pointing into the stack for thread: 0x00007f3cd40bd800
RBP=0x00007f3cba2b8c20 is pointing into the stack for thread: 0x00007f3cd40bd800
RSI=0x0000000000000388 is an unknown value
RDI=0x00007f3c40847cc0 is pointing into metadata
R8 ={method} {0x00007f3c40663370} 'accept' '(Ljava/lang/Object;)V' in 'com/android/tools/r8/dex/FileWriter$$Lambda$681'
R9 =0x0000000000000000 is an unknown value
R10=0x00007f3cba2b8c10 is pointing into the stack for thread: 0x00007f3cd40bd800
R11=0x00007f3cba2b8c10 is pointing into the stack for thread: 0x00007f3cd40bd800
R12=0x00007f3cd40ca180 is an unknown value
R13=0x00007f3cb406aa30 is an unknown value
R14=0x000000000000e5ff is an unknown value
R15=0x0000016aa660c939 is an unknown value


Stack: [0x00007f3cba1ba000,0x00007f3cba2ba000],  sp=0x00007f3cba2b8c20,  free space=1019k
Native frames: (J=compiled Java code, j=interpreted, Vv=VM code, C=native code)
V  [libjvm.so+0x80ae6d]  Method::invocation_count()+0x1d
V  [libjvm.so+0x2dcb68]  AdvancedThresholdPolicy::select_task(CompileQueue*)+0xf8
V  [libjvm.so+0x4850cc]  CompileQueue::get()+0xec
V  [libjvm.so+0x48a98e]  CompileBroker::compiler_thread_loop()+0x19e
V  [libjvm.so+0x9b4e28]  JavaThread::thread_main_inner()+0xd8
V  [libjvm.so+0x86d652]  java_start(Thread*)+0xf2
C  [libpthread.so.0+0x76db]  start_thread+0xdb


---------------  P R O C E S S  ---------------

Java Threads: ( => current thread )
  0x00007f3c64eff000 JavaThread "ForkJoinPool-73-worker-0" daemon [_thread_blocked, id=8924, stack(0x00007f3c37fe5000,0x00007f3c380e6000)]
  0x00007f3c98626000 JavaThread "ForkJoinPool-73-worker-3" daemon [_thread_blocked, id=8923, stack(0x00007f3c380e6000,0x00007f3c381e7000)]
  0x00007f3c64cce000 JavaThread "ForkJoinPool-73-worker-1" daemon [_thread_blocked, id=8921, stack(0x00007f3c40e78000,0x00007f3c40f79000)]
  0x00007f3c80019000 JavaThread "ForkJoinPool.commonPool-worker-3" daemon [_thread_blocked, id=8848, stack(0x00007f3c3b1fc000,0x00007f3c3b2fd000)]
  0x00007f3c9400e800 JavaThread "RMI TCP Connection(idle)" daemon [_thread_blocked, id=8793, stack(0x00007f3cb2810000,0x00007f3cb2911000)]
  0x00007f3c9400e000 JavaThread "RMI TCP Connection(idle)" daemon [_thread_blocked, id=8790, stack(0x00007f3cb8590000,0x00007f3cb8691000)]
  0x00007f3c9400d000 JavaThread "RMI TCP Connection(idle)" daemon [_thread_blocked, id=8775, stack(0x00007f3cb8691000,0x00007f3cb8792000)]
  0x00007f3c48008000 JavaThread "stdout" daemon [_thread_in_native, id=8736, stack(0x00007f3c3b4fd000,0x00007f3c3b5fe000)]
  0x00007f3c48060000 JavaThread "stderr" daemon [_thread_in_native, id=8735, stack(0x00007f3c3b5fe000,0x00007f3c3b6ff000)]
  0x00007f3c48004000 JavaThread "process reaper" daemon [_thread_in_native, id=8734, stack(0x00007f3c40b03000,0x00007f3c40b3c000)]
  0x00007f3c3c0b8800 JavaThread "stdout" daemon [_thread_in_native, id=8733, stack(0x00007f3c3b8ff000,0x00007f3c3ba00000)]
  0x00007f3c3c0b8000 JavaThread "stderr" daemon [_thread_in_native, id=8732, stack(0x00007f3c41bcc000,0x00007f3c41ccd000)]
  0x00007f3c3c0b7000 JavaThread "process reaper" daemon [_thread_in_native, id=8731, stack(0x00007f3c40b3c000,0x00007f3c40b75000)]
  0x00007f3cd43fb000 JavaThread "stdout" daemon [_thread_in_native, id=8730, stack(0x00007f3c40d77000,0x00007f3c40e78000)]
  0x00007f3cd43fa000 JavaThread "stderr" daemon [_thread_in_native, id=8729, stack(0x00007f3c40c76000,0x00007f3c40d77000)]
  0x00007f3cd43f9800 JavaThread "process reaper" daemon [_thread_in_native, id=8727, stack(0x00007f3cb004a000,0x00007f3cb0083000)]
  0x00007f3cd43f8800 JavaThread "pool-24-thread-1" [_thread_blocked, id=8722, stack(0x00007f3cb0ded000,0x00007f3cb0eee000)]
  0x00007f3ca403a800 JavaThread "Cache worker for execution history cache (/home/anonymous/AndroidStudioProjects/cikgood-murid/.gradle/5.4.1/executionHistory)" [_thread_blocked, id=8698, stack(0x00007f3cb200c000,0x00007f3cb210d000)]
  0x00007f3c64efe000 JavaThread "Execution worker for ':' Thread 3" [_thread_blocked, id=8697, stack(0x00007f3cb8792000,0x00007f3cb8893000)]
  0x00007f3c64efd000 JavaThread "Execution worker for ':' Thread 2" [_thread_blocked, id=8696, stack(0x00007f3c433fa000,0x00007f3c434fb000)]
  0x00007f3c65bad800 JavaThread "Execution worker for ':'" [_thread_blocked, id=8695, stack(0x00007f3cb210d000,0x00007f3cb220e000)]
  0x00007f3c65ba9000 JavaThread "Cache worker for file content cache (/home/anonymous/AndroidStudioProjects/cikgood-murid/.gradle/5.4.1/fileContent)" [_thread_blocked, id=8694, stack(0x00007f3c423d3000,0x00007f3c424d4000)]
  0x00007f3c65ba8800 JavaThread "Cache worker for Build Output Cleanup Cache (/home/anonymous/AndroidStudioProjects/cikgood-murid/.gradle/buildOutputCleanup)" [_thread_blocked, id=8693, stack(0x00007f3cb8893000,0x00007f3cb8994000)]
  0x00007f3c64cbf800 JavaThread "pool-23-thread-1" [_thread_blocked, id=8692, stack(0x00007f3c424d4000,0x00007f3c425d5000)]
  0x00007f3c64ba5000 JavaThread "Build operations Thread 4" [_thread_blocked, id=8691, stack(0x00007f3cb1e0a000,0x00007f3cb1f0b000)]
  0x00007f3c64b31000 JavaThread "Build operations Thread 3" [_thread_blocked, id=8690, stack(0x00007f3cb8994000,0x00007f3cb8a95000)]
  0x00007f3c64163000 JavaThread "Build operations Thread 2" [_thread_blocked, id=8689, stack(0x00007f3c436fd000,0x00007f3c437fe000)]
  0x00007f3c64ba7800 JavaThread "Build operations" [_thread_blocked, id=8688, stack(0x00007f3cb818e000,0x00007f3cb828f000)]
  0x00007f3c65c07800 JavaThread "Cache worker for cache directory md-rule (/home/anonymous/.gradle/caches/5.4.1/md-rule)" [_thread_blocked, id=8687, stack(0x00007f3c417ad000,0x00007f3c418ae000)]
  0x00007f3c64ba6000 JavaThread "Cache worker for cache directory md-supplier (/home/anonymous/.gradle/caches/5.4.1/md-supplier)" [_thread_blocked, id=8686, stack(0x00007f3c437fe000,0x00007f3c438ff000)]
  0x00007f3c64aff800 JavaThread "Cache worker for file hash cache (/home/anonymous/AndroidStudioProjects/cikgood-murid/.gradle/5.4.1/fileHashes)" [_thread_blocked, id=8685, stack(0x00007f3c422d2000,0x00007f3c423d3000)]
  0x00007f3c643ee800 JavaThread "Thread-229" [_thread_blocked, id=8682, stack(0x00007f3c434fb000,0x00007f3c435fc000)]
  0x00007f3c65c12800 JavaThread "Asynchronous log dispatcher for DefaultDaemonConnection: socket connection from /127.0.0.1:36893 to /127.0.0.1:58688" [_thread_blocked, id=8680, stack(0x00007f3cb250f000,0x00007f3cb2610000)]
  0x00007f3c6c119800 JavaThread "Cancel handler" [_thread_blocked, id=8679, stack(0x00007f3c435fc000,0x00007f3c436fd000)]
  0x00007f3c6c02e000 JavaThread "Handler for socket connection from /127.0.0.1:36893 to /127.0.0.1:58688" [_thread_in_native, id=8678, stack(0x00007f3cb3afd000,0x00007f3cb3bfe000)]
  0x00007f3c6c0a0800 JavaThread "Daemon worker Thread 6" [_thread_blocked, id=8327, stack(0x00007f3cb10ee000,0x00007f3cb11ef000)]
  0x00007f3c80021800 JavaThread "Daemon Thread 6" [_thread_blocked, id=8324, stack(0x00007f3c40b75000,0x00007f3c40c76000)]
  0x00007f3c65475000 JavaThread "RMI Reaper" [_thread_blocked, id=762, stack(0x00007f3c418ae000,0x00007f3c419af000)]
  0x00007f3c65472800 JavaThread "RMI TCP Accept-0" daemon [_thread_in_native, id=761, stack(0x00007f3c419af000,0x00007f3c41ab0000)]
  0x00007f3c65770800 JavaThread "GC Daemon" daemon [_thread_blocked, id=759, stack(0x00007f3c41acb000,0x00007f3c41bcc000)]
  0x00007f3c6575b000 JavaThread "RMI Scheduler(0)" daemon [_thread_blocked, id=757, stack(0x00007f3cb848f000,0x00007f3cb8590000)]
  0x00007f3c65943000 JavaThread "process reaper" daemon [_thread_in_native, id=731, stack(0x00007f3cb0011000,0x00007f3cb004a000)]
  0x00007f3c6569d000 JavaThread "Cache worker for file content cache (/home/anonymous/.gradle/caches/5.4.1/fileContent)" [_thread_blocked, id=499, stack(0x00007f3c438ff000,0x00007f3c43a00000)]
  0x00007f3c65713000 JavaThread "Memory manager" [_thread_blocked, id=498, stack(0x00007f3cb00d7000,0x00007f3cb01d8000)]
  0x00007f3c64fb5800 JavaThread "Cache worker for execution history cache (/home/anonymous/.gradle/caches/5.4.1/executionHistory)" [_thread_blocked, id=412, stack(0x00007f3cb240e000,0x00007f3cb250f000)]
  0x00007f3c6413c000 JavaThread "Cache worker for journal cache (/home/anonymous/.gradle/caches/journal-1)" [_thread_blocked, id=379, stack(0x00007f3cb3dfe000,0x00007f3cb3eff000)]
  0x00007f3c64139800 JavaThread "File lock request listener" [_thread_in_native, id=378, stack(0x00007f3cb3eff000,0x00007f3cb4000000)]
  0x00007f3c6412e000 JavaThread "Cache worker for file hash cache (/home/anonymous/.gradle/caches/5.4.1/fileHashes)" [_thread_blocked, id=377, stack(0x00007f3cb808d000,0x00007f3cb818e000)]
  0x00007f3cd43f4000 JavaThread "Daemon periodic checks" [_thread_blocked, id=366, stack(0x00007f3cb8a95000,0x00007f3cb8b96000)]
  0x00007f3cd5158800 JavaThread "Incoming local TCP Connector on port 36893" [_thread_in_native, id=365, stack(0x00007f3cb8b9d000,0x00007f3cb8c9e000)]
  0x00007f3cd507e800 JavaThread "Daemon health stats" [_thread_blocked, id=364, stack(0x00007f3cb8ea2000,0x00007f3cb8fa3000)]
  0x00007f3cd40ca800 JavaThread "Service Thread" daemon [_thread_blocked, id=337, stack(0x00007f3cb9fb7000,0x00007f3cba0b8000)]
  0x00007f3cd40bf800 JavaThread "C1 CompilerThread2" daemon [_thread_blocked, id=336, stack(0x00007f3cba0b9000,0x00007f3cba1b9000)]
=>0x00007f3cd40bd800 JavaThread "C2 CompilerThread1" daemon [_thread_in_vm, id=335, stack(0x00007f3cba1ba000,0x00007f3cba2ba000)]
  0x00007f3cd40ba800 JavaThread "C2 CompilerThread0" daemon [_thread_blocked, id=334, stack(0x00007f3cba2bb000,0x00007f3cba3bb000)]
  0x00007f3cd40b9000 JavaThread "Signal Dispatcher" daemon [_thread_blocked, id=333, stack(0x00007f3cba3bb000,0x00007f3cba4bc000)]
  0x00007f3cd4085800 JavaThread "Finalizer" daemon [_thread_blocked, id=332, stack(0x00007f3cbae8c000,0x00007f3cbaf8d000)]
  0x00007f3cd4083000 JavaThread "Reference Handler" daemon [_thread_blocked, id=331, stack(0x00007f3cbaf8d000,0x00007f3cbb08e000)]
  0x00007f3cd400b800 JavaThread "main" [_thread_blocked, id=325, stack(0x00007f3cda029000,0x00007f3cda129000)]

Other Threads:
  0x00007f3cd4079000 VMThread [stack: 0x00007f3cbb08f000,0x00007f3cbb18f000] [id=330]
  0x00007f3cd40cd000 WatcherThread [stack: 0x00007f3cb9eb7000,0x00007f3cb9fb7000] [id=338]

VM state:synchronizing (normal execution)

VM Mutex/Monitor currently owned by a thread:  ([mutex/lock_event])
[0x00007f3cd4008000] Threads_lock - owner thread: 0x00007f3cd4079000
[0x00007f3cd4008b00] MethodCompileQueue_lock - owner thread: 0x00007f3cd40bd800

heap address: 0x00000000a0000000, size: 1536 MB, Compressed Oops mode: 32-bit
Narrow klass base: 0x0000000000000000, Narrow klass shift: 3
Compressed class space size: 1073741824 Address: 0x0000000100000000

Heap:
 PSYoungGen      total 399360K, used 68445K [0x00000000e0000000, 0x0000000100000000, 0x0000000100000000)
  eden space 274432K, 10% used [0x00000000e0000000,0x00000000e1d2eda8,0x00000000f0c00000)
  from space 124928K, 30% used [0x00000000f0c00000,0x00000000f31a8958,0x00000000f8600000)
  to   space 117760K, 0% used [0x00000000f8d00000,0x00000000f8d00000,0x0000000100000000)
 ParOldGen       total 312320K, used 230856K [0x00000000a0000000, 0x00000000b3100000, 0x00000000e0000000)
  object space 312320K, 73% used [0x00000000a0000000,0x00000000ae172130,0x00000000b3100000)
 Metaspace       used 105863K, capacity 111075K, committed 111360K, reserved 1146880K
  class space    used 13039K, capacity 14015K, committed 14080K, reserved 1048576K

Card table byte_map: [0x00007f3cc4513000,0x00007f3cc4814000] byte_map_base: 0x00007f3cc4013000

Marking Bits: (ParMarkBitMap*) 0x00007f3cd96fe920
 Begin Bits: [0x00007f3cc0f0f000, 0x00007f3cc270f000)
 End Bits:   [0x00007f3cc270f000, 0x00007f3cc3f0f000)

Polling page: 0x00007f3cda156000

CodeCache: size=245760Kb used=80980Kb max_used=80980Kb free=164779Kb
 bounds [0x00007f3cc4bd4000, 0x00007f3cc9ba4000, 0x00007f3cd3bd4000]
 total_blobs=24043 nmethods=23094 adapters=860
 compilation: enabled

Compilation events (10 events):
Event: 3838,768 Thread 0x00007f3cd40bd800 31186       4       com.android.tools.r8.graph.DexProgramClass$$Lambda$632/1035012436::apply (8 bytes)
Event: 3838,770 Thread 0x00007f3cd40bd800 nmethod 31186 0x00007f3cc90c8c50 code [0x00007f3cc90c8da0, 0x00007f3cc90c8e38]
Event: 3838,770 Thread 0x00007f3cd40bd800 31223       4       com.android.tools.r8.code.Format22c::write (24 bytes)
Event: 3838,782 Thread 0x00007f3cd40bd800 nmethod 31223 0x00007f3cc99c3690 code [0x00007f3cc99c3820, 0x00007f3cc99c3c18]
Event: 3838,782 Thread 0x00007f3cd40bd800 31222       4       com.android.tools.r8.dex.DexOutputBuffer::align (57 bytes)
Event: 3838,793 Thread 0x00007f3cd40bd800 nmethod 31222 0x00007f3cc8617c90 code [0x00007f3cc8617e20, 0x00007f3cc8618188]
Event: 3838,793 Thread 0x00007f3cd40bd800 31306       4       com.android.tools.r8.dex.FileWriter$$Lambda$681/2035018744::accept (12 bytes)
Event: 3838,820 Thread 0x00007f3cd40ba800 nmethod 31395 0x00007f3cc949ebd0 code [0x00007f3cc949eec0, 0x00007f3cc94a0db0]
Event: 3838,821 Thread 0x00007f3cd40ba800 31307       4       com.android.tools.r8.dex.FileWriter::writeMethodItem (115 bytes)
Event: 3838,852 Thread 0x00007f3cd40bd800 nmethod 31306 0x00007f3cc7631910 code [0x00007f3cc7631c80, 0x00007f3cc7633318]

GC Heap History (10 events):
Event: 3823,513 GC heap before
{Heap before GC invocations=71 (full 8):
 PSYoungGen      total 385024K, used 323040K [0x00000000e0000000, 0x00000000fec80000, 0x0000000100000000)
  eden space 274944K, 100% used [0x00000000e0000000,0x00000000f0c80000,0x00000000f0c80000)
  from space 110080K, 43% used [0x00000000f8100000,0x00000000faff8240,0x00000000fec80000)
  to   space 114688K, 0% used [0x00000000f0c80000,0x00000000f0c80000,0x00000000f7c80000)
 ParOldGen       total 312320K, used 112962K [0x00000000a0000000, 0x00000000b3100000, 0x00000000e0000000)
  object space 312320K, 36% used [0x00000000a0000000,0x00000000a6e50a88,0x00000000b3100000)
 Metaspace       used 105580K, capacity 110803K, committed 111104K, reserved 1146880K
  class space    used 13025K, capacity 14001K, committed 14080K, reserved 1048576K
Event: 3823,577 GC heap after
Heap after GC invocations=71 (full 8):
 PSYoungGen      total 389632K, used 33870K [0x00000000e0000000, 0x00000000ff980000, 0x0000000100000000)
  eden space 274944K, 0% used [0x00000000e0000000,0x00000000e0000000,0x00000000f0c80000)
  from space 114688K, 29% used [0x00000000f0c80000,0x00000000f2d93b08,0x00000000f7c80000)
  to   space 109056K, 0% used [0x00000000f8f00000,0x00000000f8f00000,0x00000000ff980000)
 ParOldGen       total 312320K, used 112962K [0x00000000a0000000, 0x00000000b3100000, 0x00000000e0000000)
  object space 312320K, 36% used [0x00000000a0000000,0x00000000a6e50a88,0x00000000b3100000)
 Metaspace       used 105580K, capacity 110803K, committed 111104K, reserved 1146880K
  class space    used 13025K, capacity 14001K, committed 14080K, reserved 1048576K
}
Event: 3825,776 GC heap before
{Heap before GC invocations=72 (full 8):
 PSYoungGen      total 389632K, used 308571K [0x00000000e0000000, 0x00000000ff980000, 0x0000000100000000)
  eden space 274944K, 99% used [0x00000000e0000000,0x00000000f0c43400,0x00000000f0c80000)
  from space 114688K, 29% used [0x00000000f0c80000,0x00000000f2d93b08,0x00000000f7c80000)
  to   space 109056K, 0% used [0x00000000f8f00000,0x00000000f8f00000,0x00000000ff980000)
 ParOldGen       total 312320K, used 112962K [0x00000000a0000000, 0x00000000b3100000, 0x00000000e0000000)
  object space 312320K, 36% used [0x00000000a0000000,0x00000000a6e50a88,0x00000000b3100000)
 Metaspace       used 105605K, capacity 110825K, committed 111104K, reserved 1146880K
  class space    used 13026K, capacity 14004K, committed 14080K, reserved 1048576K
Event: 3825,862 GC heap after
Heap after GC invocations=72 (full 8):
 PSYoungGen      total 404480K, used 22111K [0x00000000e0000000, 0x00000000ff480000, 0x0000000100000000)
  eden space 300544K, 0% used [0x00000000e0000000,0x00000000e0000000,0x00000000f2580000)
  from space 103936K, 21% used [0x00000000f8f00000,0x00000000fa497e18,0x00000000ff480000)
  to   space 105984K, 0% used [0x00000000f2580000,0x00000000f2580000,0x00000000f8d00000)
 ParOldGen       total 312320K, used 130640K [0x00000000a0000000, 0x00000000b3100000, 0x00000000e0000000)
  object space 312320K, 41% used [0x00000000a0000000,0x00000000a7f94278,0x00000000b3100000)
 Metaspace       used 105605K, capacity 110825K, committed 111104K, reserved 1146880K
  class space    used 13026K, capacity 14004K, committed 14080K, reserved 1048576K
}
Event: 3828,420 GC heap before
{Heap before GC invocations=73 (full 8):
 PSYoungGen      total 404480K, used 322655K [0x00000000e0000000, 0x00000000ff480000, 0x0000000100000000)
  eden space 300544K, 100% used [0x00000000e0000000,0x00000000f2580000,0x00000000f2580000)
  from space 103936K, 21% used [0x00000000f8f00000,0x00000000fa497e18,0x00000000ff480000)
  to   space 105984K, 0% used [0x00000000f2580000,0x00000000f2580000,0x00000000f8d00000)
 ParOldGen       total 312320K, used 130640K [0x00000000a0000000, 0x00000000b3100000, 0x00000000e0000000)
  object space 312320K, 41% used [0x00000000a0000000,0x00000000a7f94278,0x00000000b3100000)
 Metaspace       used 105627K, capacity 110825K, committed 111104K, reserved 1146880K
  class space    used 13026K, capacity 14004K, committed 14080K, reserved 1048576K
Event: 3828,456 GC heap after
Heap after GC invocations=73 (full 8):
 PSYoungGen      total 406528K, used 8101K [0x00000000e0000000, 0x0000000100000000, 0x0000000100000000)
  eden space 300544K, 0% used [0x00000000e0000000,0x00000000e0000000,0x00000000f2580000)
  from space 105984K, 7% used [0x00000000f2580000,0x00000000f2d695f0,0x00000000f8d00000)
  to   space 104960K, 0% used [0x00000000f9980000,0x00000000f9980000,0x0000000100000000)
 ParOldGen       total 312320K, used 132634K [0x00000000a0000000, 0x00000000b3100000, 0x00000000e0000000)
  object space 312320K, 42% used [0x00000000a0000000,0x00000000a8186918,0x00000000b3100000)
 Metaspace       used 105627K, capacity 110825K, committed 111104K, reserved 1146880K
  class space    used 13026K, capacity 14004K, committed 14080K, reserved 1048576K
}
Event: 3833,972 GC heap before
{Heap before GC invocations=74 (full 8):
 PSYoungGen      total 406528K, used 308645K [0x00000000e0000000, 0x0000000100000000, 0x0000000100000000)
  eden space 300544K, 100% used [0x00000000e0000000,0x00000000f2580000,0x00000000f2580000)
  from space 105984K, 7% used [0x00000000f2580000,0x00000000f2d695f0,0x00000000f8d00000)
  to   space 104960K, 0% used [0x00000000f9980000,0x00000000f9980000,0x0000000100000000)
 ParOldGen       total 312320K, used 132634K [0x00000000a0000000, 0x00000000b3100000, 0x00000000e0000000)
  object space 312320K, 42% used [0x00000000a0000000,0x00000000a8186918,0x00000000b3100000)
 Metaspace       used 105728K, capacity 110929K, committed 111104K, reserved 1146880K
  class space    used 13035K, capacity 14012K, committed 14080K, reserved 1048576K
Event: 3834,323 GC heap after
Heap after GC invocations=74 (full 8):
 PSYoungGen      total 379392K, used 104956K [0x00000000e0000000, 0x0000000100000000, 0x0000000100000000)
  eden space 274432K, 0% used [0x00000000e0000000,0x00000000e0000000,0x00000000f0c00000)
  from space 104960K, 99% used [0x00000000f9980000,0x00000000fffff210,0x0000000100000000)
  to   space 124928K, 0% used [0x00000000f0c00000,0x00000000f0c00000,0x00000000f8600000)
 ParOldGen       total 312320K, used 137808K [0x00000000a0000000, 0x00000000b3100000, 0x00000000e0000000)
  object space 312320K, 44% used [0x00000000a0000000,0x00000000a86943c8,0x00000000b3100000)
 Metaspace       used 105728K, capacity 110929K, committed 111104K, reserved 1146880K
  class space    used 13035K, capacity 14012K, committed 14080K, reserved 1048576K
}
Event: 3837,648 GC heap before
{Heap before GC invocations=75 (full 8):
 PSYoungGen      total 379392K, used 379388K [0x00000000e0000000, 0x0000000100000000, 0x0000000100000000)
  eden space 274432K, 100% used [0x00000000e0000000,0x00000000f0c00000,0x00000000f0c00000)
  from space 104960K, 99% used [0x00000000f9980000,0x00000000fffff210,0x0000000100000000)
  to   space 124928K, 0% used [0x00000000f0c00000,0x00000000f0c00000,0x00000000f8600000)
 ParOldGen       total 312320K, used 137808K [0x00000000a0000000, 0x00000000b3100000, 0x00000000e0000000)
  object space 312320K, 44% used [0x00000000a0000000,0x00000000a86943c8,0x00000000b3100000)
 Metaspace       used 105843K, capacity 111075K, committed 111360K, reserved 1146880K
  class space    used 13039K, capacity 14015K, committed 14080K, reserved 1048576K
Event: 3837,945 GC heap after
Heap after GC invocations=75 (full 8):
 PSYoungGen      total 399360K, used 38562K [0x00000000e0000000, 0x0000000100000000, 0x0000000100000000)
  eden space 274432K, 0% used [0x00000000e0000000,0x00000000e0000000,0x00000000f0c00000)
  from space 124928K, 30% used [0x00000000f0c00000,0x00000000f31a8958,0x00000000f8600000)
  to   space 117760K, 0% used [0x00000000f8d00000,0x00000000f8d00000,0x0000000100000000)
 ParOldGen       total 312320K, used 230856K [0x00000000a0000000, 0x00000000b3100000, 0x00000000e0000000)
  object space 312320K, 73% used [0x00000000a0000000,0x00000000ae172130,0x00000000b3100000)
 Metaspace       used 105843K, capacity 111075K, committed 111360K, reserved 1146880K
  class space    used 13039K, capacity 14015K, committed 14080K, reserved 1048576K
}

Deoptimization events (10 events):
Event: 3837,051 Thread 0x00007f3c64eff000 Uncommon trap: reason=unstable_if action=reinterpret pc=0x00007f3cc77457d8 method=com.android.tools.r8.graph.DexAnnotationElement.equals(Ljava/lang/Object;)Z @ 30
Event: 3837,059 Thread 0x00007f3c64cce000 Uncommon trap: reason=array_check action=maybe_recompile pc=0x00007f3cc9481f8c method=java.util.TimSort.mergeHi(IIII)V @ 524
Event: 3837,059 Thread 0x00007f3c64cce000 Uncommon trap: reason=array_check action=maybe_recompile pc=0x00007f3cc5b26330 method=java.util.TimSort.mergeLo(IIII)V @ 468
Event: 3837,059 Thread 0x00007f3c64cce000 Uncommon trap: reason=array_check action=maybe_recompile pc=0x00007f3cc9481f8c method=java.util.TimSort.mergeHi(IIII)V @ 524
Event: 3837,059 Thread 0x00007f3c64cce000 Uncommon trap: reason=array_check action=maybe_recompile pc=0x00007f3cc5b26330 method=java.util.TimSort.mergeLo(IIII)V @ 468
Event: 3837,077 Thread 0x00007f3c64cce000 Uncommon trap: reason=array_check action=maybe_recompile pc=0x00007f3cc6d24f28 method=java.util.TimSort.mergeLo(IIII)V @ 468
Event: 3837,084 Thread 0x00007f3c64cce000 Uncommon trap: reason=array_check action=maybe_recompile pc=0x00007f3cc6d63cf4 method=java.util.TimSort.mergeHi(IIII)V @ 524
Event: 3837,420 Thread 0x00007f3c64cce000 Uncommon trap: reason=unstable_if action=reinterpret pc=0x00007f3cc745b59c method=java.lang.Long.numberOfTrailingZeros(J)I @ 3
Event: 3838,844 Thread 0x00007f3c64eff000 Uncommon trap: reason=unloaded action=reinterpret pc=0x00007f3cc95ed2b0 method=com.android.tools.r8.graph.DexString.decode()Ljava/lang/String; @ 201
Event: 3838,844 Thread 0x00007f3c64eff000 Uncommon trap: reason=class_check action=maybe_recompile pc=0x00007f3cc5694594 method=java.lang.Throwable.<init>(Ljava/lang/String;Ljava/lang/Throwable;)V @ 24

Classes redefined (0 events):
No events

Internal exceptions (10 events):
Event: 3826,567 Thread 0x00007f3cbc29d800 Exception <a 'sun/nio/fs/UnixException'> (0x00000000e9b373f8) thrown at [/buildbot/src/googleplex-android/openjdk/out/hotspot/src/share/vm/prims/jni.cpp, line 710]
Event: 3826,938 Thread 0x00007f3c65713000 Exception <a 'java/io/IOException'> (0x00000000eb8d9478) thrown at [/buildbot/src/googleplex-android/openjdk/out/hotspot/src/share/vm/prims/jni.cpp, line 710]
Event: 3829,001 Thread 0x00007f3c64efe000 Implicit null exception at 0x00007f3cc8ec81b4 to 0x00007f3cc8ec9249
Event: 3829,001 Thread 0x00007f3c64aff800 Implicit null exception at 0x00007f3cc7d5f168 to 0x00007f3cc7d622a1
Event: 3829,003 Thread 0x00007f3c64aff800 Implicit null exception at 0x00007f3cc7d767b8 to 0x00007f3cc7d7a4a1
Event: 3831,618 Thread 0x00007f3c6c0a0800 Exception <a 'sun/nio/fs/UnixException'> (0x00000000e1c28a40) thrown at [/buildbot/src/googleplex-android/openjdk/out/hotspot/src/share/vm/prims/jni.cpp, line 710]
Event: 3831,938 Thread 0x00007f3c65713000 Exception <a 'java/io/IOException'> (0x00000000e298d810) thrown at [/buildbot/src/googleplex-android/openjdk/out/hotspot/src/share/vm/prims/jni.cpp, line 710]
Event: 3836,843 Thread 0x00007f3c64cce000 Implicit null exception at 0x00007f3cc69b5f4f to 0x00007f3cc69b60c5
Event: 3836,938 Thread 0x00007f3c65713000 Exception <a 'java/io/IOException'> (0x00000000e5bf0e20) thrown at [/buildbot/src/googleplex-android/openjdk/out/hotspot/src/share/vm/prims/jni.cpp, line 710]
Event: 3837,948 Thread 0x00007f3c64cce000 Exception <a 'sun/nio/fs/UnixException'> (0x00000000e009ead8) thrown at [/buildbot/src/googleplex-android/openjdk/out/hotspot/src/share/vm/prims/jni.cpp, line 710]

Events (10 events):
Event: 3838,672 Thread 0x00007f3c64eff000 DEOPT PACKING pc=0x00007f3cc5823d9d sp=0x00007f3c380e4530
Event: 3838,672 Thread 0x00007f3c64eff000 DEOPT UNPACKING pc=0x00007f3cc4c1b0c4 sp=0x00007f3c380e4260 mode 0
Event: 3838,844 Thread 0x00007f3c64eff000 Uncommon trap: trap_request=0x0000003c fr.pc=0x00007f3cc95ed2b0
Event: 3838,844 Thread 0x00007f3c64eff000 DEOPT PACKING pc=0x00007f3cc95ed2b0 sp=0x00007f3c380e4640
Event: 3838,844 Thread 0x00007f3c64eff000 DEOPT UNPACKING pc=0x00007f3cc4c1947a sp=0x00007f3c380e45f8 mode 2
Event: 3838,844 Thread 0x00007f3c64eff000 Uncommon trap: trap_request=0xffffffde fr.pc=0x00007f3cc5694594
Event: 3838,844 Thread 0x00007f3c64eff000 DEOPT PACKING pc=0x00007f3cc5694594 sp=0x00007f3c380e4570
Event: 3838,844 Thread 0x00007f3c64eff000 DEOPT UNPACKING pc=0x00007f3cc4c1947a sp=0x00007f3c380e4540 mode 2
Event: 3838,846 loading class com/android/tools/r8/R8
Event: 3838,846 loading class com/android/tools/r8/R8 done


Dynamic libraries:
00400000-00401000 r-xp 00000000 08:01 4523276                            /home/anonymous/Apps/android/android-studio/jre/bin/java
00401000-00402000 rw-p 00000000 08:01 4523276                            /home/anonymous/Apps/android/android-studio/jre/bin/java
00843000-008a6000 rw-p 00000000 00:00 0                                  [heap]
a0000000-b3100000 rw-p 00000000 00:00 0 
b3100000-e0000000 ---p 00000000 00:00 0 
e0000000-100000000 rw-p 00000000 00:00 0 
100000000-100dc0000 rw-p 00000000 00:00 0 
100dc0000-140000000 ---p 00000000 00:00 0 
7f3c37c4b000-7f3c37fe5000 rw-p 00000000 00:00 0 
7f3c37fe5000-7f3c37fe8000 ---p 00000000 00:00 0 
7f3c37fe8000-7f3c380e6000 rw-p 00000000 00:00 0 
7f3c380e6000-7f3c380e9000 ---p 00000000 00:00 0 
7f3c380e9000-7f3c382e7000 rw-p 00000000 00:00 0 
7f3c382e7000-7f3c383e7000 ---p 00000000 00:00 0 
7f3c383e7000-7f3c3b085000 rw-p 00000000 00:00 0 
7f3c3b0fb000-7f3c3b0fe000 ---p 00000000 00:00 0 
7f3c3b0fe000-7f3c3b1fc000 rw-p 00000000 00:00 0 
7f3c3b1fc000-7f3c3b1ff000 ---p 00000000 00:00 0 
7f3c3b1ff000-7f3c3b4fd000 rw-p 00000000 00:00 0 
7f3c3b4fd000-7f3c3b500000 ---p 00000000 00:00 0 
7f3c3b500000-7f3c3b5fe000 rw-p 00000000 00:00 0 
7f3c3b5fe000-7f3c3b601000 ---p 00000000 00:00 0 
7f3c3b601000-7f3c3b8ff000 rw-p 00000000 00:00 0 
7f3c3b8ff000-7f3c3b902000 ---p 00000000 00:00 0 
7f3c3b902000-7f3c3bc00000 rw-p 00000000 00:00 0 
7f3c3bc00000-7f3c3be00000 rw-p 00000000 00:00 0 
7f3c3be00000-7f3c3c000000 rw-p 00000000 00:00 0 
7f3c3c000000-7f3c3ed61000 rw-p 00000000 00:00 0 
7f3c3ed61000-7f3c40000000 ---p 00000000 00:00 0 
7f3c400fd000-7f3c402fd000 rw-p 00000000 00:00 0 
7f3c402fd000-7f3c404fd000 rw-p 00000000 00:00 0 
7f3c404fd000-7f3c406fd000 rw-p 00000000 00:00 0 
7f3c406fd000-7f3c408fd000 rw-p 00000000 00:00 0 
7f3c408fd000-7f3c40afd000 rw-p 00000000 00:00 0 
7f3c40b03000-7f3c40b06000 ---p 00000000 00:00 0 
7f3c40b06000-7f3c40b3c000 rw-p 00000000 00:00 0 
7f3c40b3c000-7f3c40b3f000 ---p 00000000 00:00 0 
7f3c40b3f000-7f3c40b75000 rw-p 00000000 00:00 0 
7f3c40b75000-7f3c40b78000 ---p 00000000 00:00 0 
7f3c40b78000-7f3c40c76000 rw-p 00000000 00:00 0 
7f3c40c76000-7f3c40c79000 ---p 00000000 00:00 0 
7f3c40c79000-7f3c40d77000 rw-p 00000000 00:00 0 
7f3c40d77000-7f3c40d7a000 ---p 00000000 00:00 0 
7f3c40d7a000-7f3c40e78000 rw-p 00000000 00:00 0 
7f3c40e78000-7f3c40e7b000 ---p 00000000 00:00 0 
7f3c40e7b000-7f3c41179000 rw-p 00000000 00:00 0 
7f3c41179000-7f3c41379000 rw-p 00000000 00:00 0 
7f3c413ad000-7f3c415ad000 rw-p 00000000 00:00 0 
7f3c415ad000-7f3c417ad000 rw-p 00000000 00:00 0 
7f3c417ad000-7f3c417b0000 ---p 00000000 00:00 0 
7f3c417b0000-7f3c418ae000 rw-p 00000000 00:00 0 
7f3c418ae000-7f3c418b1000 ---p 00000000 00:00 0 
7f3c418b1000-7f3c419af000 rw-p 00000000 00:00 0 
7f3c419af000-7f3c419b2000 ---p 00000000 00:00 0 
7f3c419b2000-7f3c41ab0000 rw-p 00000000 00:00 0 
7f3c41ab0000-7f3c41acb000 r--s 00394000 08:01 4523410                    /home/anonymous/Apps/android/android-studio/jre/jre/lib/ext/cldrdata.jar
7f3c41acb000-7f3c41ace000 ---p 00000000 00:00 0 
7f3c41ace000-7f3c41bcc000 rw-p 00000000 00:00 0 
7f3c41bcc000-7f3c41bcf000 ---p 00000000 00:00 0 
7f3c41bcf000-7f3c41ecd000 rw-p 00000000 00:00 0 
7f3c41ecd000-7f3c41ed2000 r-xp 00000000 08:01 1092549                    /tmp/native-platform3374333674672093148dir/libnative-platform.so
7f3c41ed2000-7f3c420d1000 ---p 00005000 08:01 1092549                    /tmp/native-platform3374333674672093148dir/libnative-platform.so
7f3c420d1000-7f3c420d2000 rw-p 00004000 08:01 1092549                    /tmp/native-platform3374333674672093148dir/libnative-platform.so
7f3c420d2000-7f3c422d2000 rw-p 00000000 00:00 0 
7f3c422d2000-7f3c422d5000 ---p 00000000 00:00 0 
7f3c422d5000-7f3c423d3000 rw-p 00000000 00:00 0 
7f3c423d3000-7f3c423d6000 ---p 00000000 00:00 0 
7f3c423d6000-7f3c424d4000 rw-p 00000000 00:00 0 
7f3c424d4000-7f3c424d7000 ---p 00000000 00:00 0 
7f3c424d7000-7f3c427d5000 rw-p 00000000 00:00 0 
7f3c427d5000-7f3c429d5000 rw-p 00000000 00:00 0 
7f3c429d5000-7f3c429ec000 r-xp 00000000 08:01 1198406                    /lib/x86_64-linux-gnu/libresolv-2.27.so
7f3c429ec000-7f3c42bec000 ---p 00017000 08:01 1198406                    /lib/x86_64-linux-gnu/libresolv-2.27.so
7f3c42bec000-7f3c42bed000 r--p 00017000 08:01 1198406                    /lib/x86_64-linux-gnu/libresolv-2.27.so
7f3c42bed000-7f3c42bee000 rw-p 00018000 08:01 1198406                    /lib/x86_64-linux-gnu/libresolv-2.27.so
7f3c42bee000-7f3c42bf0000 r